[     432ms] [ERROR] A tree hydrated but some attributes of the server rendered HTML didn't match the client properties. This won't be patched up. This can happen if a SSR-ed Client Component used:

- A server/client branch `if (typeof window !== 'undefined')`.
- Variable input such as `Date.now()` or `Math.random()` which changes each time it's called.
- Date formatting in a user's locale which doesn't match the server.
- External changing data without sending a snapshot of it along with the HTML.
- Invalid HTML tag nesting.

It can also happen if the client has a browser extension installed which messes with the HTML before React loaded.

%s%s https://react.dev/link/hydration-mismatch 

  ...
    <ScrollAndMaybeFocusHandler cacheNode={{rsc:{...}, ...}}>
      <InnerScrollAndFocusHandlerOld focusAndScrollRef={{scrollRef:null, ...}} cacheNode={{rsc:{...}, ...}}>
        <ErrorBoundary errorComponent={undefined} errorStyles={undefined} errorScripts={undefined}>
          <LoadingBoundary name="/" loading={null}>
            <HTTPAccessFallbackBoundary notFound={{...}} forbidden={undefined} unauthorized={undefined}>
              <HTTPAccessFallbackErrorBoundary pathname="/" notFound={{...}} forbidden={undefined} ...>
                <RedirectBoundary>
                  <RedirectErrorBoundary router={{...}}>
                    <InnerLayoutRouter url="/" tree={[...]} params={{}} cacheNode={{rsc:{...}, ...}} segmentPath={[...]} ...>
                      <SegmentViewNode type="page" pagePath="page.tsx">
                        <SegmentTrieNode>
                        <Home>
                          <DashboardApp showCapabilityTiers={true}>
                            <DashboardShell showCapabilityTiers={true}>
                              <div className="min-h-scre..." style={{color:"var..."}}>
                                <HeaderControlsPortal>
                                <header>
                                <main
+                                 className="mx-auto flex w-full max-w-none flex-col gap-5 overflow-hidden px-4 pb-12 ..."
-                                 className="mx-auto flex w-full max-w-none flex-col gap-5 px-4 pb-12 sm:px-6 lg:px-8"
                                >
                                  <ModelExplorer aaModels={[...]} aiNews={[...]} locale="en" ...>
                                    <section
+                                     className="min-w-0 space-y-4"
-                                     className="space-y-4"
                                    >
                                      <div>
                                      <section
+                                       className="grid w-full grid-cols-1 items-stretch gap-6 xl:grid-cols-[minmax(0,..."
-                                       className="grid items-stretch gap-6 xl:grid-cols-[minmax(0,2.45fr)_minmax(280p..."
                                      >
                                        <div
                                          id="summary-table"
+                                         className="min-w-0 overflow-hidden rounded-[var(--radius-panel)] p-5"
-                                         className="rounded-[var(--radius-panel)] p-5"
                                          style={{border:"1px solid ...",background:"var(--surf...",backdropFilter:"blur(16px)", ...}}
                                        >
                                        <div
+                                         className="flex min-h-0 min-w-0 self-stretch flex-col gap-6"
-                                         className="flex min-h-0 self-stretch flex-col gap-6"
                                        >
                                          <div
                                            id="latest-models"
+                                           className="overflow-hidden rounded-[var(--radius-panel)] p-5"
-                                           className="min-h-[20rem] rounded-[var(--radius-panel)] p-5"
                                            style={{border:"1px solid ...",background:"var(--surf...",backdropFilter:"blur(16px)", ...}}
                                          >
                                          <div
                                            id="ai-news"
+                                           className="flex flex-col overflow-hidden rounded-[var(--radius-panel)] p-5"
-                                           className="flex flex-col rounded-[var(--radius-panel)] p-5"
                                            style={{border:"1px solid ...",background:"var(--surf...",backdropFilter:"blur(16px)", ...}}
                                          >
                                  ...
                      ...
                    ...
        ...
 @ http://localhost:4000/_next/static/chunks/node_modules_next_dist_115brz8._.js:3272
